{"/app/src/app.ts": {"path":"/app/src/app.ts","statementMap":{"0":{"start":{"line":1,"column":0},"end":{"line":1,"column":30}},"1":{"start":{"line":2,"column":0},"end":{"line":2,"column":30}},"2":{"start":{"line":3,"column":0},"end":{"line":3,"column":46}},"3":{"start":{"line":4,"column":0},"end":{"line":4,"column":64}},"4":{"start":{"line":5,"column":0},"end":{"line":5,"column":62}},"5":{"start":{"line":6,"column":0},"end":{"line":6,"column":52}},"6":{"start":{"line":7,"column":0},"end":{"line":7,"column":46}},"7":{"start":{"line":9,"column":12},"end":{"line":9,"column":21}},"8":{"start":{"line":11,"column":0},"end":{"line":11,"column":15}},"9":{"start":{"line":13,"column":0},"end":{"line":20,"column":5}},"10":{"start":{"line":14,"column":2},"end":{"line":19,"column":3}},"11":{"start":{"line":15,"column":4},"end":{"line":15,"column":31}},"12":{"start":{"line":16,"column":4},"end":{"line":16,"column":49}},"13":{"start":{"line":18,"column":4},"end":{"line":18,"column":43}},"14":{"start":{"line":22,"column":0},"end":{"line":22,"column":24}},"15":{"start":{"line":23,"column":0},"end":{"line":23,"column":16}},"16":{"start":{"line":25,"column":0},"end":{"line":25,"column":22}},"17":{"start":{"line":26,"column":0},"end":{"line":26,"column":23}},"18":{"start":{"line":28,"column":0},"end":{"line":28,"column":19}}},"fnMap":{"0":{"name":"(anonymous_1)","decl":{"start":{"line":13,"column":1},"end":{"line":13,"column":6}},"loc":{"start":{"line":13,"column":12},"end":{"line":20,"column":1}}}},"branchMap":{},"s":{"0":2,"1":2,"2":2,"3":2,"4":2,"5":2,"6":2,"7":2,"8":2,"9":2,"10":2,"11":2,"12":2,"13":0,"14":2,"15":2,"16":2,"17":2,"18":2},"f":{"0":2},"b":{}}
,"/app/src/config/mongo.ts": {"path":"/app/src/config/mongo.ts","statementMap":{"0":{"start":{"line":1,"column":0},"end":{"line":1,"column":32}},"1":{"start":{"line":2,"column":0},"end":{"line":2,"column":28}},"2":{"start":{"line":4,"column":0},"end":{"line":4,"column":16}},"3":{"start":{"line":6,"column":18},"end":{"line":6,"column":92}},"4":{"start":{"line":8,"column":28},"end":{"line":16,"column":1}},"5":{"start":{"line":9,"column":2},"end":{"line":15,"column":3}},"6":{"start":{"line":10,"column":4},"end":{"line":10,"column":38}},"7":{"start":{"line":11,"column":4},"end":{"line":11,"column":37}},"8":{"start":{"line":13,"column":4},"end":{"line":13,"column":51}},"9":{"start":{"line":14,"column":4},"end":{"line":14,"column":20}},"10":{"start":{"line":8,"column":13},"end":{"line":8,"column":28}}},"fnMap":{"0":{"name":"(anonymous_1)","decl":{"start":{"line":8,"column":28},"end":{"line":8,"column":33}},"loc":{"start":{"line":8,"column":39},"end":{"line":16,"column":1}}}},"branchMap":{"0":{"loc":{"start":{"line":6,"column":18},"end":{"line":6,"column":92}},"type":"binary-expr","locations":[{"start":{"line":6,"column":18},"end":{"line":6,"column":39}},{"start":{"line":6,"column":43},"end":{"line":6,"column":92}}]}},"s":{"0":2,"1":2,"2":2,"3":2,"4":2,"5":2,"6":2,"7":2,"8":0,"9":0,"10":2},"f":{"0":2},"b":{"0":[2,0]}}
,"/app/src/middlewares/error.middleware.ts": {"path":"/app/src/middlewares/error.middleware.ts","statementMap":{"0":{"start":{"line":3,"column":28},"end":{"line":17,"column":1}},"1":{"start":{"line":9,"column":2},"end":{"line":9,"column":39}},"2":{"start":{"line":11,"column":21},"end":{"line":11,"column":42}},"3":{"start":{"line":13,"column":2},"end":{"line":16,"column":5}},"4":{"start":{"line":3,"column":13},"end":{"line":3,"column":28}}},"fnMap":{"0":{"name":"(anonymous_0)","decl":{"start":{"line":3,"column":28},"end":{"line":3,"column":null}},"loc":{"start":{"line":8,"column":4},"end":{"line":17,"column":1}}}},"branchMap":{"0":{"loc":{"start":{"line":11,"column":21},"end":{"line":11,"column":42}},"type":"binary-expr","locations":[{"start":{"line":11,"column":21},"end":{"line":11,"column":35}},{"start":{"line":11,"column":39},"end":{"line":11,"column":42}}]},"1":{"loc":{"start":{"line":15,"column":13},"end":{"line":15,"column":51}},"type":"binary-expr","locations":[{"start":{"line":15,"column":13},"end":{"line":15,"column":24}},{"start":{"line":15,"column":28},"end":{"line":15,"column":51}}]}},"s":{"0":2,"1":0,"2":0,"3":0,"4":2},"f":{"0":0},"b":{"0":[0,0],"1":[0,0]}}
,"/app/src/modules/batch/controllers/batch.controller.ts": {"path":"/app/src/modules/batch/controllers/batch.controller.ts","statementMap":{"0":{"start":{"line":2,"column":0},"end":{"line":2,"column":36}},"1":{"start":{"line":3,"column":0},"end":{"line":3,"column":51}},"2":{"start":{"line":4,"column":0},"end":{"line":4,"column":57}},"3":{"start":{"line":5,"column":0},"end":{"line":5,"column":69}},"4":{"start":{"line":10,"column":24},"end":{"line":10,"column":32}},"5":{"start":{"line":12,"column":4},"end":{"line":16,"column":5}},"6":{"start":{"line":13,"column":25},"end":{"line":13,"column":79}},"7":{"start":{"line":14,"column":6},"end":{"line":14,"column":29}},"8":{"start":{"line":15,"column":6},"end":{"line":15,"column":25}},"9":{"start":{"line":18,"column":20},"end":{"line":18,"column":28}},"10":{"start":{"line":20,"column":4},"end":{"line":40,"column":5}},"11":{"start":{"line":22,"column":20},"end":{"line":26,"column":8}},"12":{"start":{"line":28,"column":6},"end":{"line":28,"column":25}},"13":{"start":{"line":31,"column":6},"end":{"line":31,"column":56}},"14":{"start":{"line":33,"column":6},"end":{"line":37,"column":9}},"15":{"start":{"line":39,"column":6},"end":{"line":39,"column":16}},"16":{"start":{"line":45,"column":19},"end":{"line":45,"column":29}},"17":{"start":{"line":47,"column":4},"end":{"line":73,"column":5}},"18":{"start":{"line":48,"column":20},"end":{"line":48,"column":61}},"19":{"start":{"line":50,"column":6},"end":{"line":54,"column":7}},"20":{"start":{"line":51,"column":27},"end":{"line":51,"column":55}},"21":{"start":{"line":52,"column":8},"end":{"line":52,"column":31}},"22":{"start":{"line":53,"column":8},"end":{"line":53,"column":27}},"23":{"start":{"line":56,"column":24},"end":{"line":56,"column":65}},"24":{"start":{"line":58,"column":6},"end":{"line":70,"column":9}},"25":{"start":{"line":65,"column":43},"end":{"line":69,"column":10}},"26":{"start":{"line":72,"column":6},"end":{"line":72,"column":16}},"27":{"start":{"line":7,"column":0},"end":{"line":7,"column":13}}},"fnMap":{"0":{"name":"(anonymous_0)","decl":{"start":{"line":9,"column":2},"end":{"line":9,"column":8}},"loc":{"start":{"line":9,"column":74},"end":{"line":41,"column":3}}},"1":{"name":"(anonymous_1)","decl":{"start":{"line":44,"column":2},"end":{"line":44,"column":8}},"loc":{"start":{"line":44,"column":71},"end":{"line":74,"column":3}}},"2":{"name":"(anonymous_2)","decl":{"start":{"line":65,"column":33},"end":{"line":65,"column":34}},"loc":{"start":{"line":65,"column":43},"end":{"line":69,"column":10}}}},"branchMap":{"0":{"loc":{"start":{"line":12,"column":4},"end":{"line":16,"column":5}},"type":"if","locations":[{"start":{"line":12,"column":4},"end":{"line":16,"column":5}},{"start":{},"end":{}}]},"1":{"loc":{"start":{"line":12,"column":8},"end":{"line":12,"column":55}},"type":"binary-expr","locations":[{"start":{"line":12,"column":8},"end":{"line":12,"column":31}},{"start":{"line":12,"column":35},"end":{"line":12,"column":55}}]},"2":{"loc":{"start":{"line":50,"column":6},"end":{"line":54,"column":7}},"type":"if","locations":[{"start":{"line":50,"column":6},"end":{"line":54,"column":7}},{"start":{},"end":{}}]}},"s":{"0":2,"1":2,"2":2,"3":2,"4":0,"5":0,"6":0,"7":0,"8":0,"9":0,"10":0,"11":0,"12":0,"13":0,"14":0,"15":0,"16":0,"17":0,"18":0,"19":0,"20":0,"21":0,"22":0,"23":0,"24":0,"25":0,"26":0,"27":2},"f":{"0":0,"1":0,"2":0},"b":{"0":[0,0],"1":[0,0],"2":[0,0]}}
,"/app/src/modules/batch/models/batch.model.ts": {"path":"/app/src/modules/batch/models/batch.model.ts","statementMap":{"0":{"start":{"line":1,"column":0},"end":{"line":1,"column":51}},"1":{"start":{"line":11,"column":20},"end":{"line":17,"column":null}},"2":{"start":{"line":20,"column":13},"end":{"line":20,"column":62}}},"fnMap":{},"branchMap":{},"s":{"0":2,"1":2,"2":2},"f":{},"b":{}}
,"/app/src/modules/batch/queues/batch.queue.ts": {"path":"/app/src/modules/batch/queues/batch.queue.ts","statementMap":{"0":{"start":{"line":1,"column":0},"end":{"line":1,"column":25}},"1":{"start":{"line":4,"column":13},"end":{"line":9,"column":3}}},"fnMap":{},"branchMap":{"0":{"loc":{"start":{"line":6,"column":10},"end":{"line":6,"column":47}},"type":"binary-expr","locations":[{"start":{"line":6,"column":10},"end":{"line":6,"column":32}},{"start":{"line":6,"column":36},"end":{"line":6,"column":47}}]},"1":{"loc":{"start":{"line":7,"column":10},"end":{"line":7,"column":48}},"type":"binary-expr","locations":[{"start":{"line":7,"column":10},"end":{"line":7,"column":40}},{"start":{"line":7,"column":44},"end":{"line":7,"column":48}}]}},"s":{"0":2,"1":2},"f":{},"b":{"0":[2,0],"1":[2,0]}}
,"/app/src/modules/batch/routes/batch.routes.ts": {"path":"/app/src/modules/batch/routes/batch.routes.ts","statementMap":{"0":{"start":{"line":1,"column":0},"end":{"line":1,"column":33}},"1":{"start":{"line":2,"column":0},"end":{"line":2,"column":66}},"2":{"start":{"line":4,"column":15},"end":{"line":4,"column":23}},"3":{"start":{"line":6,"column":0},"end":{"line":6,"column":51}},"4":{"start":{"line":7,"column":0},"end":{"line":7,"column":51}},"5":{"start":{"line":9,"column":0},"end":{"line":9,"column":22}}},"fnMap":{},"branchMap":{},"s":{"0":2,"1":2,"2":2,"3":2,"4":2,"5":2},"f":{},"b":{}}
,"/app/src/modules/batch/services/batch.service.ts": {"path":"/app/src/modules/batch/services/batch.service.ts","statementMap":{"0":{"start":{"line":1,"column":0},"end":{"line":1,"column":51}},"1":{"start":{"line":5,"column":17},"end":{"line":8,"column":7}},"2":{"start":{"line":5,"column":42},"end":{"line":8,"column":6}},"3":{"start":{"line":11,"column":4},"end":{"line":25,"column":6}},"4":{"start":{"line":12,"column":26},"end":{"line":24,"column":8}},"5":{"start":{"line":3,"column":0},"end":{"line":3,"column":13}}},"fnMap":{"0":{"name":"(anonymous_0)","decl":{"start":{"line":4,"column":2},"end":{"line":4,"column":8}},"loc":{"start":{"line":4,"column":62},"end":{"line":26,"column":3}}},"1":{"name":"(anonymous_1)","decl":{"start":{"line":5,"column":29},"end":{"line":5,"column":30}},"loc":{"start":{"line":5,"column":42},"end":{"line":8,"column":6}}},"2":{"name":"(anonymous_2)","decl":{"start":{"line":12,"column":15},"end":{"line":12,"column":16}},"loc":{"start":{"line":12,"column":26},"end":{"line":24,"column":8}}}},"branchMap":{},"s":{"0":2,"1":0,"2":0,"3":0,"4":0,"5":2},"f":{"0":0,"1":0,"2":0},"b":{}}
,"/app/src/modules/batch/workers/batch.worker.ts": {"path":"/app/src/modules/batch/workers/batch.worker.ts","statementMap":{"0":{"start":{"line":1,"column":0},"end":{"line":1,"column":51}},"1":{"start":{"line":2,"column":0},"end":{"line":2,"column":69}},"2":{"start":{"line":3,"column":0},"end":{"line":3,"column":51}},"3":{"start":{"line":4,"column":0},"end":{"line":4,"column":72}},"4":{"start":{"line":5,"column":0},"end":{"line":5,"column":53}},"5":{"start":{"line":6,"column":0},"end":{"line":6,"column":47}},"6":{"start":{"line":7,"column":0},"end":{"line":7,"column":null}},"7":{"start":{"line":15,"column":0},"end":{"line":15,"column":33}},"8":{"start":{"line":18,"column":0},"end":{"line":21,"column":9}},"9":{"start":{"line":19,"column":17},"end":{"line":19,"column":48}},"10":{"start":{"line":20,"column":2},"end":{"line":20,"column":65}},"11":{"start":{"line":24,"column":0},"end":{"line":44,"column":3}},"12":{"start":{"line":25,"column":2},"end":{"line":34,"column":4}},"13":{"start":{"line":37,"column":20},"end":{"line":37,"column":85}},"14":{"start":{"line":38,"column":16},"end":{"line":38,"column":71}},"15":{"start":{"line":39,"column":2},"end":{"line":41,"column":3}},"16":{"start":{"line":40,"column":4},"end":{"line":40,"column":84}},"17":{"start":{"line":43,"column":2},"end":{"line":43,"column":19}},"18":{"start":{"line":47,"column":0},"end":{"line":56,"column":3}},"19":{"start":{"line":48,"column":2},"end":{"line":55,"column":4}},"20":{"start":{"line":58,"column":0},"end":{"line":106,"column":3}},"21":{"start":{"line":59,"column":30},"end":{"line":59,"column":38}},"22":{"start":{"line":60,"column":16},"end":{"line":60,"column":26}},"23":{"start":{"line":62,"column":14},"end":{"line":62,"column":47}},"24":{"start":{"line":63,"column":2},"end":{"line":63,"column":29}},"25":{"start":{"line":65,"column":2},"end":{"line":105,"column":3}},"26":{"start":{"line":67,"column":4},"end":{"line":67,"column":89}},"27":{"start":{"line":70,"column":22},"end":{"line":74,"column":null}},"28":{"start":{"line":72,"column":8},"end":{"line":72,"column":69}},"29":{"start":{"line":78,"column":16},"end":{"line":83,"column":6}},"30":{"start":{"line":84,"column":4},"end":{"line":84,"column":21}},"31":{"start":{"line":86,"column":4},"end":{"line":86,"column":29}},"32":{"start":{"line":87,"column":4},"end":{"line":87,"column":24}},"33":{"start":{"line":88,"column":4},"end":{"line":88,"column":31}},"34":{"start":{"line":91,"column":22},"end":{"line":91,"column":69}},"35":{"start":{"line":92,"column":18},"end":{"line":92,"column":55}},"36":{"start":{"line":93,"column":4},"end":{"line":96,"column":5}},"37":{"start":{"line":94,"column":6},"end":{"line":94,"column":71}},"38":{"start":{"line":95,"column":6},"end":{"line":95,"column":34}},"39":{"start":{"line":98,"column":4},"end":{"line":98,"column":29}},"40":{"start":{"line":100,"column":4},"end":{"line":100,"column":21}},"41":{"start":{"line":101,"column":4},"end":{"line":101,"column":14}},"42":{"start":{"line":103,"column":21},"end":{"line":103,"column":48}},"43":{"start":{"line":104,"column":4},"end":{"line":104,"column":46}}},"fnMap":{"0":{"name":"(anonymous_0)","decl":{"start":{"line":18,"column":12},"end":{"line":18,"column":17}},"loc":{"start":{"line":18,"column":23},"end":{"line":21,"column":1}}},"1":{"name":"(anonymous_1)","decl":{"start":{"line":24,"column":24},"end":{"line":24,"column":29}},"loc":{"start":{"line":24,"column":43},"end":{"line":44,"column":1}}},"2":{"name":"(anonymous_2)","decl":{"start":{"line":47,"column":27},"end":{"line":47,"column":28}},"loc":{"start":{"line":47,"column":35},"end":{"line":56,"column":1}}},"3":{"name":"(anonymous_3)","decl":{"start":{"line":58,"column":44},"end":{"line":58,"column":49}},"loc":{"start":{"line":58,"column":58},"end":{"line":106,"column":1}}},"4":{"name":"(anonymous_4)","decl":{"start":{"line":71,"column":7},"end":{"line":71,"column":12}},"loc":{"start":{"line":71,"column":18},"end":{"line":73,"column":7}}}},"branchMap":{"0":{"loc":{"start":{"line":39,"column":2},"end":{"line":41,"column":3}},"type":"if","locations":[{"start":{"line":39,"column":2},"end":{"line":41,"column":3}},{"start":{},"end":{}}]},"1":{"loc":{"start":{"line":39,"column":6},"end":{"line":39,"column":38}},"type":"binary-expr","locations":[{"start":{"line":39,"column":6},"end":{"line":39,"column":11}},{"start":{"line":39,"column":15},"end":{"line":39,"column":38}}]},"2":{"loc":{"start":{"line":93,"column":4},"end":{"line":96,"column":5}},"type":"if","locations":[{"start":{"line":93,"column":4},"end":{"line":96,"column":5}},{"start":{},"end":{}}]},"3":{"loc":{"start":{"line":93,"column":8},"end":{"line":93,"column":42}},"type":"binary-expr","locations":[{"start":{"line":93,"column":8},"end":{"line":93,"column":13}},{"start":{"line":93,"column":17},"end":{"line":93,"column":42}}]}},"s":{"0":2,"1":2,"2":2,"3":2,"4":2,"5":2,"6":2,"7":2,"8":2,"9":0,"10":0,"11":2,"12":0,"13":0,"14":0,"15":0,"16":0,"17":0,"18":2,"19":0,"20":2,"21":0,"22":0,"23":0,"24":0,"25":0,"26":0,"27":0,"28":0,"29":0,"30":0,"31":0,"32":0,"33":0,"34":0,"35":0,"36":0,"37":0,"38":0,"39":0,"40":0,"41":0,"42":0,"43":0},"f":{"0":0,"1":0,"2":0,"3":0,"4":0},"b":{"0":[0,0],"1":[0,0],"2":[0,0],"3":[0,0]}}
,"/app/src/modules/core/controllers/health.controller.ts": {"path":"/app/src/modules/core/controllers/health.controller.ts","statementMap":{"0":{"start":{"line":2,"column":0},"end":{"line":2,"column":32}},"1":{"start":{"line":3,"column":0},"end":{"line":3,"column":28}},"2":{"start":{"line":4,"column":0},"end":{"line":4,"column":60}},"3":{"start":{"line":6,"column":20},"end":{"line":9,"column":2}},"4":{"start":{"line":13,"column":43},"end":{"line":13,"column":59}},"5":{"start":{"line":16,"column":4},"end":{"line":23,"column":5}},"6":{"start":{"line":17,"column":25},"end":{"line":17,"column":55}},"7":{"start":{"line":18,"column":6},"end":{"line":18,"column":54}},"8":{"start":{"line":19,"column":6},"end":{"line":19,"column":52}},"9":{"start":{"line":19,"column":28},"end":{"line":19,"column":52}},"10":{"start":{"line":21,"column":6},"end":{"line":21,"column":28}},"11":{"start":{"line":22,"column":6},"end":{"line":22,"column":30}},"12":{"start":{"line":26,"column":4},"end":{"line":33,"column":5}},"13":{"start":{"line":27,"column":19},"end":{"line":27,"column":43}},"14":{"start":{"line":28,"column":6},"end":{"line":28,"column":53}},"15":{"start":{"line":29,"column":6},"end":{"line":29,"column":51}},"16":{"start":{"line":29,"column":27},"end":{"line":29,"column":51}},"17":{"start":{"line":31,"column":6},"end":{"line":31,"column":28}},"18":{"start":{"line":32,"column":6},"end":{"line":32,"column":30}},"19":{"start":{"line":36,"column":4},"end":{"line":43,"column":5}},"20":{"start":{"line":37,"column":24},"end":{"line":37,"column":55}},"21":{"start":{"line":38,"column":6},"end":{"line":38,"column":47}},"22":{"start":{"line":39,"column":6},"end":{"line":39,"column":46}},"23":{"start":{"line":39,"column":22},"end":{"line":39,"column":46}},"24":{"start":{"line":41,"column":6},"end":{"line":41,"column":28}},"25":{"start":{"line":42,"column":6},"end":{"line":42,"column":30}},"26":{"start":{"line":45,"column":4},"end":{"line":45,"column":28}},"27":{"start":{"line":11,"column":0},"end":{"line":11,"column":13}}},"fnMap":{"0":{"name":"(anonymous_1)","decl":{"start":{"line":12,"column":2},"end":{"line":12,"column":8}},"loc":{"start":{"line":12,"column":48},"end":{"line":46,"column":3}}}},"branchMap":{"0":{"loc":{"start":{"line":7,"column":8},"end":{"line":7,"column":45}},"type":"binary-expr","locations":[{"start":{"line":7,"column":8},"end":{"line":7,"column":30}},{"start":{"line":7,"column":34},"end":{"line":7,"column":45}}]},"1":{"loc":{"start":{"line":8,"column":8},"end":{"line":8,"column":46}},"type":"binary-expr","locations":[{"start":{"line":8,"column":8},"end":{"line":8,"column":38}},{"start":{"line":8,"column":42},"end":{"line":8,"column":46}}]},"2":{"loc":{"start":{"line":18,"column":21},"end":{"line":18,"column":53}},"type":"cond-expr","locations":[{"start":{"line":18,"column":40},"end":{"line":18,"column":44}},{"start":{"line":18,"column":47},"end":{"line":18,"column":53}}]},"3":{"loc":{"start":{"line":19,"column":6},"end":{"line":19,"column":52}},"type":"if","locations":[{"start":{"line":19,"column":6},"end":{"line":19,"column":52}},{"start":{},"end":{}}]},"4":{"loc":{"start":{"line":28,"column":21},"end":{"line":28,"column":52}},"type":"cond-expr","locations":[{"start":{"line":28,"column":39},"end":{"line":28,"column":43}},{"start":{"line":28,"column":46},"end":{"line":28,"column":52}}]},"5":{"loc":{"start":{"line":29,"column":6},"end":{"line":29,"column":51}},"type":"if","locations":[{"start":{"line":29,"column":6},"end":{"line":29,"column":51}},{"start":{},"end":{}}]},"6":{"loc":{"start":{"line":38,"column":21},"end":{"line":38,"column":46}},"type":"cond-expr","locations":[{"start":{"line":38,"column":33},"end":{"line":38,"column":37}},{"start":{"line":38,"column":40},"end":{"line":38,"column":46}}]},"7":{"loc":{"start":{"line":39,"column":6},"end":{"line":39,"column":46}},"type":"if","locations":[{"start":{"line":39,"column":6},"end":{"line":39,"column":46}},{"start":{},"end":{}}]}},"s":{"0":2,"1":2,"2":2,"3":2,"4":1,"5":1,"6":1,"7":1,"8":1,"9":1,"10":0,"11":0,"12":1,"13":1,"14":1,"15":1,"16":0,"17":0,"18":0,"19":1,"20":1,"21":1,"22":1,"23":0,"24":0,"25":0,"26":1,"27":2},"f":{"0":1},"b":{"0":[2,0],"1":[2,0],"2":[0,1],"3":[1,0],"4":[1,0],"5":[0,1],"6":[1,0],"7":[0,1]}}
,"/app/src/modules/core/routes/health.routes.ts": {"path":"/app/src/modules/core/routes/health.routes.ts","statementMap":{"0":{"start":{"line":1,"column":0},"end":{"line":1,"column":33}},"1":{"start":{"line":2,"column":0},"end":{"line":2,"column":68}},"2":{"start":{"line":4,"column":15},"end":{"line":4,"column":23}},"3":{"start":{"line":6,"column":0},"end":{"line":6,"column":46}},"4":{"start":{"line":8,"column":0},"end":{"line":8,"column":22}}},"fnMap":{},"branchMap":{},"s":{"0":2,"1":2,"2":2,"3":2,"4":2},"f":{},"b":{}}
,"/app/src/modules/document/models/document.model.ts": {"path":"/app/src/modules/document/models/document.model.ts","statementMap":{"0":{"start":{"line":1,"column":0},"end":{"line":1,"column":51}},"1":{"start":{"line":10,"column":23},"end":{"line":17,"column":null}},"2":{"start":{"line":20,"column":13},"end":{"line":20,"column":74}}},"fnMap":{},"branchMap":{},"s":{"0":2,"1":2,"2":2},"f":{},"b":{}}
,"/app/src/modules/document/routes/document.routes.ts": {"path":"/app/src/modules/document/routes/document.routes.ts","statementMap":{"0":{"start":{"line":1,"column":0},"end":{"line":1,"column":52}},"1":{"start":{"line":2,"column":0},"end":{"line":2,"column":57}},"2":{"start":{"line":4,"column":15},"end":{"line":4,"column":23}},"3":{"start":{"line":10,"column":0},"end":{"line":34,"column":3}},"4":{"start":{"line":11,"column":2},"end":{"line":33,"column":3}},"5":{"start":{"line":12,"column":19},"end":{"line":12,"column":29}},"6":{"start":{"line":13,"column":16},"end":{"line":13,"column":48}},"7":{"start":{"line":15,"column":4},"end":{"line":17,"column":5}},"8":{"start":{"line":16,"column":6},"end":{"line":16,"column":70}},"9":{"start":{"line":20,"column":19},"end":{"line":20,"column":53}},"10":{"start":{"line":23,"column":4},"end":{"line":27,"column":7}},"11":{"start":{"line":29,"column":4},"end":{"line":29,"column":28}},"12":{"start":{"line":31,"column":4},"end":{"line":31,"column":23}},"13":{"start":{"line":32,"column":4},"end":{"line":32,"column":63}},"14":{"start":{"line":36,"column":0},"end":{"line":36,"column":22}}},"fnMap":{"0":{"name":"(anonymous_0)","decl":{"start":{"line":10,"column":19},"end":{"line":10,"column":24}},"loc":{"start":{"line":10,"column":57},"end":{"line":34,"column":1}}}},"branchMap":{"0":{"loc":{"start":{"line":15,"column":4},"end":{"line":17,"column":5}},"type":"if","locations":[{"start":{"line":15,"column":4},"end":{"line":17,"column":5}},{"start":{},"end":{}}]}},"s":{"0":2,"1":2,"2":2,"3":2,"4":1,"5":1,"6":1,"7":1,"8":0,"9":1,"10":1,"11":1,"12":0,"13":0,"14":2},"f":{"0":1},"b":{"0":[0,1]}}
,"/app/src/modules/document/services/pdf.service.ts": {"path":"/app/src/modules/document/services/pdf.service.ts","statementMap":{"0":{"start":{"line":1,"column":0},"end":{"line":1,"column":33}},"1":{"start":{"line":3,"column":33},"end":{"line":15,"column":1}},"2":{"start":{"line":4,"column":2},"end":{"line":14,"column":5}},"3":{"start":{"line":5,"column":16},"end":{"line":5,"column":33}},"4":{"start":{"line":6,"column":29},"end":{"line":6,"column":31}},"5":{"start":{"line":8,"column":4},"end":{"line":8,"column":50}},"6":{"start":{"line":8,"column":30},"end":{"line":8,"column":48}},"7":{"start":{"line":9,"column":4},"end":{"line":9,"column":56}},"8":{"start":{"line":9,"column":24},"end":{"line":9,"column":54}},"9":{"start":{"line":10,"column":4},"end":{"line":10,"column":42}},"10":{"start":{"line":10,"column":29},"end":{"line":10,"column":40}},"11":{"start":{"line":12,"column":4},"end":{"line":12,"column":19}},"12":{"start":{"line":13,"column":4},"end":{"line":13,"column":14}},"13":{"start":{"line":3,"column":13},"end":{"line":3,"column":33}}},"fnMap":{"0":{"name":"(anonymous_1)","decl":{"start":{"line":3,"column":33},"end":{"line":3,"column":34}},"loc":{"start":{"line":3,"column":67},"end":{"line":15,"column":1}}},"1":{"name":"(anonymous_2)","decl":{"start":{"line":4,"column":21},"end":{"line":4,"column":22}},"loc":{"start":{"line":4,"column":41},"end":{"line":14,"column":3}}},"2":{"name":"(anonymous_3)","decl":{"start":{"line":8,"column":19},"end":{"line":8,"column":20}},"loc":{"start":{"line":8,"column":30},"end":{"line":8,"column":48}}},"3":{"name":"(anonymous_4)","decl":{"start":{"line":9,"column":18},"end":{"line":9,"column":21}},"loc":{"start":{"line":9,"column":24},"end":{"line":9,"column":54}}},"4":{"name":"(anonymous_5)","decl":{"start":{"line":10,"column":20},"end":{"line":10,"column":21}},"loc":{"start":{"line":10,"column":29},"end":{"line":10,"column":40}}}},"branchMap":{},"s":{"0":2,"1":2,"2":0,"3":0,"4":0,"5":0,"6":0,"7":0,"8":0,"9":0,"10":0,"11":0,"12":0,"13":2},"f":{"0":0,"1":0,"2":0,"3":0,"4":0},"b":{}}
,"/app/src/routes/index.ts": {"path":"/app/src/routes/index.ts","statementMap":{"0":{"start":{"line":1,"column":0},"end":{"line":1,"column":30}},"1":{"start":{"line":2,"column":0},"end":{"line":2,"column":63}},"2":{"start":{"line":3,"column":0},"end":{"line":3,"column":72}},"3":{"start":{"line":4,"column":0},"end":{"line":4,"column":64}},"4":{"start":{"line":5,"column":0},"end":{"line":5,"column":43}},"5":{"start":{"line":6,"column":0},"end":{"line":6,"column":26}},"6":{"start":{"line":8,"column":12},"end":{"line":8,"column":21}},"7":{"start":{"line":9,"column":0},"end":{"line":9,"column":24}},"8":{"start":{"line":12,"column":0},"end":{"line":12,"column":39}},"9":{"start":{"line":13,"column":0},"end":{"line":13,"column":42}},"10":{"start":{"line":14,"column":0},"end":{"line":14,"column":27}},"11":{"start":{"line":16,"column":24},"end":{"line":16,"column":51}},"12":{"start":{"line":17,"column":0},"end":{"line":17,"column":72}},"13":{"start":{"line":19,"column":0},"end":{"line":19,"column":19}}},"fnMap":{},"branchMap":{},"s":{"0":2,"1":2,"2":2,"3":2,"4":2,"5":2,"6":2,"7":2,"8":2,"9":2,"10":2,"11":2,"12":2,"13":2},"f":{},"b":{}}
,"/app/src/routes/metrics.routes.ts": {"path":"/app/src/routes/metrics.routes.ts","statementMap":{"0":{"start":{"line":1,"column":0},"end":{"line":1,"column":33}},"1":{"start":{"line":2,"column":0},"end":{"line":2,"column":44}},"2":{"start":{"line":4,"column":15},"end":{"line":4,"column":23}},"3":{"start":{"line":6,"column":0},"end":{"line":9,"column":3}},"4":{"start":{"line":7,"column":2},"end":{"line":7,"column":48}},"5":{"start":{"line":8,"column":2},"end":{"line":8,"column":36}},"6":{"start":{"line":11,"column":0},"end":{"line":11,"column":22}}},"fnMap":{"0":{"name":"(anonymous_0)","decl":{"start":{"line":6,"column":23},"end":{"line":6,"column":28}},"loc":{"start":{"line":6,"column":42},"end":{"line":9,"column":1}}}},"branchMap":{},"s":{"0":2,"1":2,"2":2,"3":2,"4":0,"5":0,"6":2},"f":{"0":0},"b":{}}
,"/app/src/utils/logger.ts": {"path":"/app/src/utils/logger.ts","statementMap":{"0":{"start":{"line":1,"column":0},"end":{"line":1,"column":24}},"1":{"start":{"line":3,"column":13},"end":{"line":10,"column":3}}},"fnMap":{},"branchMap":{},"s":{"0":2,"1":2},"f":{},"b":{}}
,"/app/src/utils/metrics.ts": {"path":"/app/src/utils/metrics.ts","statementMap":{"0":{"start":{"line":1,"column":0},"end":{"line":1,"column":33}},"1":{"start":{"line":4,"column":13},"end":{"line":7,"column":3}},"2":{"start":{"line":9,"column":13},"end":{"line":12,"column":3}},"3":{"start":{"line":14,"column":13},"end":{"line":17,"column":3}},"4":{"start":{"line":20,"column":13},"end":{"line":24,"column":3}},"5":{"start":{"line":27,"column":13},"end":{"line":30,"column":3}},"6":{"start":{"line":32,"column":13},"end":{"line":32,"column":40}}},"fnMap":{},"branchMap":{},"s":{"0":2,"1":2,"2":2,"3":2,"4":2,"5":2,"6":2},"f":{},"b":{}}
,"/app/src/utils/timeout.ts": {"path":"/app/src/utils/timeout.ts","statementMap":{"0":{"start":{"line":1,"column":27},"end":{"line":11,"column":1}},"1":{"start":{"line":5,"column":2},"end":{"line":10,"column":5}},"2":{"start":{"line":8,"column":6},"end":{"line":8,"column":65}},"3":{"start":{"line":8,"column":23},"end":{"line":8,"column":60}},"4":{"start":{"line":1,"column":13},"end":{"line":1,"column":27}}},"fnMap":{"0":{"name":"(anonymous_0)","decl":{"start":{"line":1,"column":27},"end":{"line":1,"column":null}},"loc":{"start":{"line":4,"column":16},"end":{"line":11,"column":1}}},"1":{"name":"(anonymous_1)","decl":{"start":{"line":7,"column":19},"end":{"line":7,"column":20}},"loc":{"start":{"line":8,"column":6},"end":{"line":8,"column":65}}},"2":{"name":"(anonymous_2)","decl":{"start":{"line":8,"column":17},"end":{"line":8,"column":20}},"loc":{"start":{"line":8,"column":23},"end":{"line":8,"column":60}}}},"branchMap":{},"s":{"0":2,"1":0,"2":0,"3":0,"4":2},"f":{"0":0,"1":0,"2":0},"b":{}}
}
